<?xml version="1.0" encoding="UTF-8"?>
<!-- Generated by org.testng.reporters.JUnitXMLReporter -->
<testsuite ignored="0" hostname="DESKTOP-IMMTNP5" failures="3" tests="13" name="Test" time="0.247" errors="0" timestamp="2022-08-01T10:47:46 IST">
  <testcase classname="com.testcase.abc.Login_Testcase" name="TC1" time="0.06">
    <failure type="java.lang.NullPointerException" message="Cannot invoke &amp;quot;org.openqa.selenium.SearchContext.findElement(org.openqa.selenium.By)&amp;quot; because &amp;quot;this.searchContext&amp;quot; is null">
      <![CDATA[java.lang.NullPointerException: Cannot invoke "org.openqa.selenium.SearchContext.findElement(org.openqa.selenium.By)" because "this.searchContext" is null
at org.openqa.selenium.support.pagefactory.DefaultElementLocator.findElement(DefaultElementLocator.java:69)
at org.openqa.selenium.support.pagefactory.internal.LocatingElementHandler.invoke(LocatingElementHandler.java:38)
at jdk.proxy2/jdk.proxy2.$Proxy11.sendKeys(Unknown Source)
at com.pom.abc.Login_Page.userlogin(Login_Page.java:31)
at com.testcase.abc.Login_Testcase.TC1(Login_Testcase.java:27)
at java.base/java.util.ArrayList.forEach(ArrayList.java:1511)
... Removed 25 stack frames]]>
    </failure>
  </testcase> <!-- TC1 -->
  <testcase classname="com.testcase.abc.Login_Testcase" name="TC2" time="0.013">
    <failure type="java.lang.NullPointerException" message="Cannot invoke &amp;quot;org.openqa.selenium.SearchContext.findElement(org.openqa.selenium.By)&amp;quot; because &amp;quot;this.searchContext&amp;quot; is null">
      <![CDATA[java.lang.NullPointerException: Cannot invoke "org.openqa.selenium.SearchContext.findElement(org.openqa.selenium.By)" because "this.searchContext" is null
at org.openqa.selenium.support.pagefactory.DefaultElementLocator.findElement(DefaultElementLocator.java:69)
at org.openqa.selenium.support.pagefactory.internal.LocatingElementHandler.invoke(LocatingElementHandler.java:38)
at jdk.proxy2/jdk.proxy2.$Proxy11.sendKeys(Unknown Source)
at com.pom.abc.Login_Page.userlogin(Login_Page.java:31)
at com.testcase.abc.Login_Testcase.TC2(Login_Testcase.java:45)
at java.base/java.util.ArrayList.forEach(ArrayList.java:1511)
... Removed 25 stack frames]]>
    </failure>
  </testcase> <!-- TC2 -->
  <testcase classname="com.testcase.abc.HOMEpage_testcase" name="TC3" time="0.014">
    <failure type="java.lang.NullPointerException" message="Cannot invoke &amp;quot;org.openqa.selenium.WebDriver.findElement(org.openqa.selenium.By)&amp;quot; because &amp;quot;com.pom.abc.Home_page.driver&amp;quot; is null">
      <![CDATA[java.lang.NullPointerException: Cannot invoke "org.openqa.selenium.WebDriver.findElement(org.openqa.selenium.By)" because "com.pom.abc.Home_page.driver" is null
at com.pom.abc.Home_page.getWelcome(Home_page.java:16)
at com.pom.abc.Home_page.<init>(Home_page.java:10)
at com.testcase.abc.HOMEpage_testcase.TC3(HOMEpage_testcase.java:16)
at java.base/java.util.ArrayList.forEach(ArrayList.java:1511)
... Removed 25 stack frames]]>
    </failure>
  </testcase> <!-- TC3 -->
  <testcase classname="com.testcase.abc.LEAVE_page_testcase" name="TC4" time="0.003"/>
  <testcase classname="com.testcase.abc.LEAVE_page_testcase" name="TC4" time="0.003"/>
  <testcase classname="com.testcase.abc.LEAVE_page_testcase" name="TC4" time="0.004"/>
  <testcase classname="com.testcase.abc.LEAVE_page_testcase" name="TC4" time="0.002"/>
  <testcase classname="com.testcase.abc.LEAVE_page_testcase" name="TC4" time="0.001"/>
  <testcase classname="com.testcase.abc.LEAVE_page_testcase" name="TC4" time="0.003"/>
  <testcase classname="com.testcase.abc.LEAVE_page_testcase" name="TC4" time="0.004"/>
  <testcase classname="com.testcase.abc.LEAVE_page_testcase" name="TC4" time="0.001"/>
  <testcase classname="com.testcase.abc.LEAVE_page_testcase" name="TC4" time="0.003"/>
  <testcase classname="com.testcase.abc.LEAVE_page_testcase" name="TC4" time="0.004"/>
</testsuite> <!-- Test -->
